<?xml version="1.0" encoding="UTF-8"?>
<!-- Generated by org.testng.reporters.JUnitXMLReporter -->
<testsuite hostname="luyao-PC" name="SmokeTest" tests="2" failures="1" timestamp="5 Mar 2014 03:02:08 GMT" time="53.278" errors="0">
  <testcase name="toInbox" time="16.345" classname="homework1.SmokeTest1"/>
  <testcase name="toOutbox" time="20.89" classname="homework1.SmokeTest2">
    <failure type="org.openqa.selenium.NoSuchElementException" message="Could not find element: {&amp;quot;using&amp;quot;:&amp;quot;xpath&amp;quot;,&amp;quot;value&amp;quot;:&amp;quot;//*[text()=&amp;apos;发送成功&amp;apos;]&amp;quot;} (WARNING: The server did not provide any stacktrace information)
Command duration or timeout: 21 milliseconds
For documentation on this error, please visit: http://seleniumhq.org/exceptions/no_such_element.html
Build info: version: &amp;apos;2.40.0&amp;apos;, revision: &amp;apos;4c5c0568b004f67810ee41c459549aa4b09c651e&amp;apos;, time: &amp;apos;2014-02-19 11:13:01&amp;apos;
System info: host: &amp;apos;luyao-PC&amp;apos;, ip: &amp;apos;192.168.22.72&amp;apos;, os.name: &amp;apos;Windows 7&amp;apos;, os.arch: &amp;apos;amd64&amp;apos;, os.version: &amp;apos;6.1&amp;apos;, java.version: &amp;apos;1.7.0_51&amp;apos;
Session ID: null
Driver info: org.openqa.selenium.safari.SafariDriver
Capabilities [{platform=WINDOWS, cssSelectorsEnabled=true, javascriptEnabled=true, secureSsl=true, browserName=safari, takesScreenshot=true, version=5.1.7}]">
      <![CDATA[org.openqa.selenium.NoSuchElementException: Could not find element: {"using":"xpath","value":"//*[text()='发送成功']"} (WARNING: The server did not provide any stacktrace information)
Command duration or timeout: 21 milliseconds
For documentation on this error, please visit: http://seleniumhq.org/exceptions/no_such_element.html
Build info: version: '2.40.0', revision: '4c5c0568b004f67810ee41c459549aa4b09c651e', time: '2014-02-19 11:13:01'
System info: host: 'luyao-PC', ip: '192.168.22.72', os.name: 'Windows 7', os.arch: 'amd64', os.version: '6.1', java.version: '1.7.0_51'
Session ID: null
Driver info: org.openqa.selenium.safari.SafariDriver
Capabilities [{platform=WINDOWS, cssSelectorsEnabled=true, javascriptEnabled=true, secureSsl=true, browserName=safari, takesScreenshot=true, version=5.1.7}]
	at org.openqa.selenium.remote.ErrorHandler.createThrowable(ErrorHandler.java:193)
	at org.openqa.selenium.remote.ErrorHandler.throwIfResponseFailed(ErrorHandler.java:145)
	at org.openqa.selenium.remote.RemoteWebDriver.execute(RemoteWebDriver.java:573)
	at org.openqa.selenium.remote.RemoteWebDriver.findElement(RemoteWebDriver.java:326)
	at org.openqa.selenium.remote.RemoteWebDriver.findElementByXPath(RemoteWebDriver.java:423)
	at org.openqa.selenium.By$ByXPath.findElement(By.java:357)
	at org.openqa.selenium.remote.RemoteWebDriver.findElement(RemoteWebDriver.java:318)
	at homework1.Action.sendMail(Action.java:89)
	at homework1.SmokeTest2.toOutbox(SmokeTest2.java:24)
... Removed 28 stack frames]]>
    </failure>
  </testcase> <!-- toOutbox -->
</testsuite> <!-- SmokeTest -->
