<?xml version="1.0" encoding="UTF-8"?>
<!-- Generated by org.testng.reporters.JUnitXMLReporter -->
<testsuite hostname="luyao-PC" name="Practice1" tests="1" failures="0" timestamp="10 Mar 2014 02:37:40 GMT" time="1.993" errors="0">
  <testcase name="@BeforeClass start" time="0.0" classname="homework2.SmokeTest">
    <failure type="java.lang.RuntimeException" message="Safari could not be found in the path!
Please add the directory containing &amp;apos;&amp;apos;Safari.exe&amp;apos;&amp;apos; to your PATH environment
variable, or explicitly specify a path to Safari like this:
*safari c:\blah\Safari.exe">
      <![CDATA[java.lang.RuntimeException: Safari could not be found in the path!
Please add the directory containing ''Safari.exe'' to your PATH environment
variable, or explicitly specify a path to Safari like this:
*safari c:\blah\Safari.exe
	at org.openqa.selenium.browserlaunchers.locators.SingleBrowserLocator.findBrowserLocationOrFail(SingleBrowserLocator.java:40)
	at org.openqa.selenium.safari.SafariDriverCommandExecutor.start(SafariDriverCommandExecutor.java:101)
	at org.openqa.selenium.safari.SafariDriver.startClient(SafariDriver.java:72)
	at org.openqa.selenium.remote.RemoteWebDriver.<init>(RemoteWebDriver.java:112)
	at org.openqa.selenium.remote.RemoteWebDriver.<init>(RemoteWebDriver.java:117)
	at org.openqa.selenium.safari.SafariDriver.<init>(SafariDriver.java:58)
	at org.openqa.selenium.safari.SafariDriver.<init>(SafariDriver.java:51)
	at homework2.Browsers.<init>(Browsers.java:66)
	at homework2.Action.init(Action.java:55)
	at homework2.SmokeTest.start(SmokeTest.java:14)
... Removed 24 stack frames]]>
    </failure>
  </testcase> <!-- @BeforeClass start -->
  <testcase name="@AfterClass end" time="0.0" classname="homework2.SmokeTest">
    <skipped/>
  </testcase> <!-- @AfterClass end -->
  <testcase name="test" time="0.001" classname="homework2.SmokeTest">
    <skipped/>
  </testcase> <!-- test -->
</testsuite> <!-- Practice1 -->
